<?xml version="1.0" encoding="UTF-8"?>
<!-- Generated by org.testng.reporters.JUnitReportReporter -->
<testsuite hostname="Rishis-MacBook-Pro.local" failures="0" tests="1" name="com.apex.order.test.OrderTest" time="13.246" errors="0" timestamp="2022-05-30T18:43:03 PDT" skipped="0">
  <testcase classname="com.apex.order.test.OrderTest" name="testBagpackOrder" time="13.246"/>
  <system-out/>
</testsuite> <!-- com.apex.order.test.OrderTest -->
