<?xml version="1.0" encoding="UTF-8"?>
<!-- Generated by org.testng.reporters.JUnitReportReporter -->
<testsuite hostname="Rishis-MacBook-Pro.local" failures="0" tests="1" name="com.apex.login.test.LoginTest" time="16.616" errors="0" timestamp="2022-06-01T11:49:59 PDT" skipped="0">
  <testcase classname="com.apex.login.test.LoginTest" name="testLoginWithSuccessfulData" time="16.616"/>
  <system-out/>
</testsuite> <!-- com.apex.login.test.LoginTest -->
